C:\Users\Public\Documents\Microsoft Research KinectSDK Samples\NUI\VideoWallControl\CPP\Release\cl.command.1.tlog
C:\Users\Public\Documents\Microsoft Research KinectSDK Samples\NUI\VideoWallControl\CPP\Release\CL.read.1.tlog
C:\Users\Public\Documents\Microsoft Research KinectSDK Samples\NUI\VideoWallControl\CPP\Release\CL.write.1.tlog
C:\USERS\PUBLIC\DOCUMENTS\MICROSOFT RESEARCH KINECTSDK SAMPLES\NUI\VIDEOWALLCONTROL\CPP\RELEASE\DRAWDEVICE.OBJ
C:\USERS\PUBLIC\DOCUMENTS\MICROSOFT RESEARCH KINECTSDK SAMPLES\NUI\VIDEOWALLCONTROL\CPP\RELEASE\GESTUREPATTERN.OBJ
C:\USERS\PUBLIC\DOCUMENTS\MICROSOFT RESEARCH KINECTSDK SAMPLES\NUI\VIDEOWALLCONTROL\CPP\RELEASE\GESTURERECOGNIZER.OBJ
C:\Users\Public\Documents\Microsoft Research KinectSDK Samples\NUI\VideoWallControl\CPP\Release\link.command.1.tlog
C:\Users\Public\Documents\Microsoft Research KinectSDK Samples\NUI\VideoWallControl\CPP\Release\link.read.1.tlog
C:\Users\Public\Documents\Microsoft Research KinectSDK Samples\NUI\VideoWallControl\CPP\Release\link.write.1.tlog
C:\Users\Public\Documents\Microsoft Research KinectSDK Samples\NUI\VideoWallControl\CPP\Release\link-cvtres.read.1.tlog
C:\Users\Public\Documents\Microsoft Research KinectSDK Samples\NUI\VideoWallControl\CPP\Release\link-cvtres.write.1.tlog
C:\USERS\PUBLIC\DOCUMENTS\MICROSOFT RESEARCH KINECTSDK SAMPLES\NUI\VIDEOWALLCONTROL\CPP\RELEASE\MEDIANFILTER.OBJ
C:\Users\Public\Documents\Microsoft Research KinectSDK Samples\NUI\VideoWallControl\CPP\Release\mt.command.1.tlog
C:\Users\Public\Documents\Microsoft Research KinectSDK Samples\NUI\VideoWallControl\CPP\Release\mt.read.1.tlog
C:\Users\Public\Documents\Microsoft Research KinectSDK Samples\NUI\VideoWallControl\CPP\Release\mt.write.1.tlog
C:\USERS\PUBLIC\DOCUMENTS\MICROSOFT RESEARCH KINECTSDK SAMPLES\NUI\VIDEOWALLCONTROL\CPP\RELEASE\NUIIMPL.OBJ
C:\Users\Public\Documents\Microsoft Research KinectSDK Samples\NUI\VideoWallControl\CPP\Release\rc.command.1.tlog
C:\Users\Public\Documents\Microsoft Research KinectSDK Samples\NUI\VideoWallControl\CPP\Release\rc.read.1.tlog
C:\Users\Public\Documents\Microsoft Research KinectSDK Samples\NUI\VideoWallControl\CPP\Release\rc.write.1.tlog
C:\USERS\PUBLIC\DOCUMENTS\MICROSOFT RESEARCH KINECTSDK SAMPLES\NUI\VIDEOWALLCONTROL\CPP\RELEASE\STDAFX.OBJ
C:\USERS\PUBLIC\DOCUMENTS\MICROSOFT RESEARCH KINECTSDK SAMPLES\NUI\VIDEOWALLCONTROL\CPP\RELEASE\VC100.PDB
C:\USERS\PUBLIC\DOCUMENTS\MICROSOFT RESEARCH KINECTSDK SAMPLES\NUI\VIDEOWALLCONTROL\CPP\RELEASE\VIDEOWALLCONTROL.EXE
C:\USERS\PUBLIC\DOCUMENTS\MICROSOFT RESEARCH KINECTSDK SAMPLES\NUI\VIDEOWALLCONTROL\CPP\RELEASE\VIDEOWALLCONTROL.EXE.INTERMEDIATE.MANIFEST
C:\USERS\PUBLIC\DOCUMENTS\MICROSOFT RESEARCH KINECTSDK SAMPLES\NUI\VIDEOWALLCONTROL\CPP\RELEASE\VIDEOWALLCONTROL.OBJ
C:\USERS\PUBLIC\DOCUMENTS\MICROSOFT RESEARCH KINECTSDK SAMPLES\NUI\VIDEOWALLCONTROL\CPP\RELEASE\VIDEOWALLCONTROL.PCH
C:\USERS\PUBLIC\DOCUMENTS\MICROSOFT RESEARCH KINECTSDK SAMPLES\NUI\VIDEOWALLCONTROL\CPP\RELEASE\VIDEOWALLCONTROL.PDB
C:\USERS\PUBLIC\DOCUMENTS\MICROSOFT RESEARCH KINECTSDK SAMPLES\NUI\VIDEOWALLCONTROL\CPP\RELEASE\VIDEOWALLCONTROL.RES
C:\USERS\PUBLIC\DOCUMENTS\MICROSOFT RESEARCH KINECTSDK SAMPLES\NUI\VIDEOWALLCONTROL\CPP\RELEASE\WINDOWGESTURECOMMANDER.OBJ
